<?xml version="1.0" encoding="UTF-8"?>
<coverage generated="1629294363046" clover="3.2.0">
  <project timestamp="1629294363046" name="All files">
    <metrics statements="12" coveredstatements="8" conditionals="4" coveredconditionals="1" methods="5" coveredmethods="3" elements="21" coveredelements="12" complexity="0" loc="12" ncloc="12" packages="1" files="1" classes="1"/>
    <file name="Todo.js" path="/Users/mengyuan.lithoughtworks.com/Desktop/webpack-React-TodoList/src/Components/TodoItems/Todo/Todo.js">
      <metrics statements="12" coveredstatements="8" conditionals="4" coveredconditionals="1" methods="5" coveredmethods="3"/>
      <line num="6" count="4" type="stmt"/>
      <line num="8" count="4" type="stmt"/>
      <line num="9" count="1" type="stmt"/>
      <line num="12" count="4" type="stmt"/>
      <line num="13" count="1" type="stmt"/>
      <line num="16" count="4" type="stmt"/>
      <line num="17" count="0" type="cond" truecount="0" falsecount="2"/>
      <line num="18" count="0" type="stmt"/>
      <line num="22" count="4" type="stmt"/>
      <line num="23" count="0" type="stmt"/>
      <line num="24" count="0" type="stmt"/>
      <line num="27" count="4" type="stmt"/>
    </file>
  </project>
</coverage>
