{"/Users/mengyuan.lithoughtworks.com/Desktop/webpack-React-TodoList/src/Components/TodoItems/Todo/Todo.js": {"path":"/Users/mengyuan.lithoughtworks.com/Desktop/webpack-React-TodoList/src/Components/TodoItems/Todo/Todo.js","statementMap":{"0":{"start":{"line":6,"column":36},"end":{"line":6,"column":48}},"1":{"start":{"line":8,"column":31},"end":{"line":10,"column":5}},"2":{"start":{"line":9,"column":8},"end":{"line":9,"column":27}},"3":{"start":{"line":12,"column":25},"end":{"line":14,"column":5}},"4":{"start":{"line":13,"column":8},"end":{"line":13,"column":27}},"5":{"start":{"line":16,"column":26},"end":{"line":20,"column":5}},"6":{"start":{"line":17,"column":7},"end":{"line":19,"column":8}},"7":{"start":{"line":18,"column":11},"end":{"line":18,"column":39}},"8":{"start":{"line":22,"column":21},"end":{"line":25,"column":5}},"9":{"start":{"line":23,"column":25},"end":{"line":23,"column":39}},"10":{"start":{"line":24,"column":8},"end":{"line":24,"column":29}},"11":{"start":{"line":27,"column":4},"end":{"line":39,"column":5}}},"fnMap":{"0":{"name":"Todo","decl":{"start":{"line":4,"column":24},"end":{"line":4,"column":28}},"loc":{"start":{"line":4,"column":74},"end":{"line":40,"column":1}},"line":4},"1":{"name":"(anonymous_1)","decl":{"start":{"line":8,"column":31},"end":{"line":8,"column":32}},"loc":{"start":{"line":8,"column":37},"end":{"line":10,"column":5}},"line":8},"2":{"name":"(anonymous_2)","decl":{"start":{"line":12,"column":25},"end":{"line":12,"column":26}},"loc":{"start":{"line":12,"column":31},"end":{"line":14,"column":5}},"line":12},"3":{"name":"(anonymous_3)","decl":{"start":{"line":16,"column":26},"end":{"line":16,"column":27}},"loc":{"start":{"line":16,"column":33},"end":{"line":20,"column":5}},"line":16},"4":{"name":"(anonymous_4)","decl":{"start":{"line":22,"column":21},"end":{"line":22,"column":22}},"loc":{"start":{"line":22,"column":28},"end":{"line":25,"column":5}},"line":22}},"branchMap":{"0":{"loc":{"start":{"line":17,"column":7},"end":{"line":19,"column":8}},"type":"if","locations":[{"start":{"line":17,"column":7},"end":{"line":19,"column":8}},{"start":{"line":17,"column":7},"end":{"line":19,"column":8}}],"line":17},"1":{"loc":{"start":{"line":33,"column":17},"end":{"line":35,"column":127}},"type":"cond-expr","locations":[{"start":{"line":34,"column":16},"end":{"line":34,"column":131}},{"start":{"line":35,"column":16},"end":{"line":35,"column":127}}],"line":33}},"s":{"0":4,"1":4,"2":1,"3":4,"4":1,"5":4,"6":0,"7":0,"8":4,"9":0,"10":0,"11":4},"f":{"0":4,"1":1,"2":1,"3":0,"4":0},"b":{"0":[0,0],"1":[0,4]},"_coverageSchema":"1a1c01bbd47fc00a2c39e90264f33305004495a9","hash":"e4b08f649237773bdf8302cb81376b7a6910f789"}
}
