{"/Users/mengyuan.lithoughtworks.com/Desktop/webpack-React-TodoList/src/Components/TodoItems/Todo/Todo.js": {"path":"/Users/mengyuan.lithoughtworks.com/Desktop/webpack-React-TodoList/src/Components/TodoItems/Todo/Todo.js","statementMap":{"0":{"start":{"line":7,"column":31},"end":{"line":9,"column":5}},"1":{"start":{"line":8,"column":8},"end":{"line":8,"column":27}},"2":{"start":{"line":11,"column":25},"end":{"line":13,"column":5}},"3":{"start":{"line":12,"column":8},"end":{"line":12,"column":27}},"4":{"start":{"line":16,"column":4},"end":{"line":24,"column":5}}},"fnMap":{"0":{"name":"Todo","decl":{"start":{"line":5,"column":24},"end":{"line":5,"column":28}},"loc":{"start":{"line":5,"column":62},"end":{"line":25,"column":1}},"line":5},"1":{"name":"(anonymous_1)","decl":{"start":{"line":7,"column":31},"end":{"line":7,"column":32}},"loc":{"start":{"line":7,"column":37},"end":{"line":9,"column":5}},"line":7},"2":{"name":"(anonymous_2)","decl":{"start":{"line":11,"column":25},"end":{"line":11,"column":26}},"loc":{"start":{"line":11,"column":31},"end":{"line":13,"column":5}},"line":11}},"branchMap":{"0":{"loc":{"start":{"line":21,"column":19},"end":{"line":21,"column":144}},"type":"cond-expr","locations":[{"start":{"line":21,"column":34},"end":{"line":21,"column":89}},{"start":{"line":21,"column":92},"end":{"line":21,"column":144}}],"line":21}},"s":{"0":6,"1":1,"2":6,"3":1,"4":6},"f":{"0":6,"1":1,"2":1},"b":{"0":[0,6]},"_coverageSchema":"1a1c01bbd47fc00a2c39e90264f33305004495a9","hash":"e0fb74a0fc22bd4acfc934733b2d893f380bae79"}
}
